[debug] [2023-01-24T11:11:29.019Z] ----------------------------------------------------------------------
[debug] [2023-01-24T11:11:29.021Z] Command:       /Users/taffo/.nvm/versions/node/v16.19.0/bin/node /Users/taffo/.nvm/versions/node/v16.19.0/bin/firebase emulators:start --only functions
[debug] [2023-01-24T11:11:29.021Z] CLI Version:   11.21.0
[debug] [2023-01-24T11:11:29.021Z] Platform:      darwin
[debug] [2023-01-24T11:11:29.022Z] Node Version:  v16.19.0
[debug] [2023-01-24T11:11:29.023Z] Time:          Tue Jan 24 2023 12:11:29 GMT+0100 (Central European Standard Time)
[debug] [2023-01-24T11:11:29.023Z] ----------------------------------------------------------------------
[debug] 
[debug] [2023-01-24T11:11:29.097Z] > command requires scopes: ["email","openid","https://www.googleapis.com/auth/cloudplatformprojects.readonly","https://www.googleapis.com/auth/firebase","https://www.googleapis.com/auth/cloud-platform"]
[debug] [2023-01-24T11:11:29.098Z] > authorizing via signed-in user (adam.benals@gmail.com)
[info] i  emulators: Starting emulators: functions {"metadata":{"emulator":{"name":"hub"},"message":"Starting emulators: functions"}}
[debug] [2023-01-24T11:11:30.632Z] [logging] Logging Emulator only supports listening on one address (127.0.0.1). Not listening on ::1
[debug] [2023-01-24T11:11:30.633Z] assigned listening specs for emulators {"user":{"hub":[{"address":"127.0.0.1","family":"IPv4","port":4400},{"address":"::1","family":"IPv6","port":4400}],"ui":[{"address":"127.0.0.1","family":"IPv4","port":4000},{"address":"::1","family":"IPv6","port":4000}],"logging":[{"address":"127.0.0.1","family":"IPv4","port":4500}]},"metadata":{"message":"assigned listening specs for emulators"}}
[debug] [2023-01-24T11:11:30.639Z] [hub] writing locator at /var/folders/b3/n2bzlyqs7cddcfr0qxm106nr0000gn/T/hub-mealstogo-1dd22.json
[debug] [2023-01-24T11:11:31.754Z] [functions] Functions Emulator only supports listening on one address (127.0.0.1). Not listening on ::1
[debug] [2023-01-24T11:11:31.755Z] [eventarc] Eventarc Emulator only supports listening on one address (127.0.0.1). Not listening on ::1
[debug] [2023-01-24T11:11:31.755Z] late-assigned ports for functions and eventarc emulators {"user":{"hub":[{"address":"127.0.0.1","family":"IPv4","port":4400},{"address":"::1","family":"IPv6","port":4400}],"ui":[{"address":"127.0.0.1","family":"IPv4","port":4000},{"address":"::1","family":"IPv6","port":4000}],"logging":[{"address":"127.0.0.1","family":"IPv4","port":4500}],"functions":[{"address":"127.0.0.1","family":"IPv4","port":5001}],"eventarc":[{"address":"127.0.0.1","family":"IPv4","port":9299}]},"metadata":{"message":"late-assigned ports for functions and eventarc emulators"}}
[warn] ⚠  functions: The following emulators are not running, calls to these services from the Functions emulator will affect production: auth, firestore, database, hosting, pubsub, storage {"metadata":{"emulator":{"name":"functions"},"message":"The following emulators are not running, calls to these services from the Functions emulator will affect production: \u001b[1mauth, firestore, database, hosting, pubsub, storage\u001b[22m"}}
[info] ✔  functions: Using node@16 from host. {"metadata":{"emulator":{"name":"functions"},"message":"Using node@16 from host."}}
[debug] [2023-01-24T11:11:31.764Z] defaultcredentials: writing to file /Users/taffo/.config/firebase/adam_benals_gmail.com_application_default_credentials.json
[debug] [2023-01-24T11:11:31.773Z] Setting GAC to /Users/taffo/.config/firebase/adam_benals_gmail.com_application_default_credentials.json {"metadata":{"emulator":{"name":"functions"},"message":"Setting GAC to /Users/taffo/.config/firebase/adam_benals_gmail.com_application_default_credentials.json"}}
[debug] [2023-01-24T11:11:31.776Z] >>> [apiv2][query] GET https://firebase.googleapis.com/v1beta1/projects/mealstogo-1dd22/adminSdkConfig [none]
[debug] [2023-01-24T11:11:32.205Z] <<< [apiv2][status] GET https://firebase.googleapis.com/v1beta1/projects/mealstogo-1dd22/adminSdkConfig 200
[debug] [2023-01-24T11:11:32.205Z] <<< [apiv2][body] GET https://firebase.googleapis.com/v1beta1/projects/mealstogo-1dd22/adminSdkConfig {"projectId":"mealstogo-1dd22","storageBucket":"mealstogo-1dd22.appspot.com"}
[debug] [2023-01-24T11:11:32.241Z] Ignoring unsupported arg: auto_download {"metadata":{"emulator":{"name":"ui"},"message":"Ignoring unsupported arg: auto_download"}}
[debug] [2023-01-24T11:11:32.241Z] Ignoring unsupported arg: port {"metadata":{"emulator":{"name":"ui"},"message":"Ignoring unsupported arg: port"}}
[debug] [2023-01-24T11:11:32.241Z] Starting Emulator UI with command {"binary":"node","args":["/Users/taffo/.cache/firebase/emulators/ui-v1.11.2/server/server.js"],"optionalArgs":[],"joinArgs":false} {"metadata":{"emulator":{"name":"ui"},"message":"Starting Emulator UI with command {\"binary\":\"node\",\"args\":[\"/Users/taffo/.cache/firebase/emulators/ui-v1.11.2/server/server.js\"],\"optionalArgs\":[],\"joinArgs\":false}"}}
[info] i  ui: Emulator UI logging to ui-debug.log {"metadata":{"emulator":{"name":"ui"},"message":"Emulator UI logging to \u001b[1mui-debug.log\u001b[22m"}}
[debug] [2023-01-24T11:11:32.448Z] Web / API server started at 127.0.0.1:4000
 {"metadata":{"emulator":{"name":"ui"},"message":"Web / API server started at 127.0.0.1:4000\n"}}
[debug] [2023-01-24T11:11:32.448Z] Web / API server started at ::1:4000
 {"metadata":{"emulator":{"name":"ui"},"message":"Web / API server started at ::1:4000\n"}}
[info] i  functions: Watching "/Users/taffo/Dev/apps/react-native/MealsToGo/functions" for Cloud Functions... {"metadata":{"emulator":{"name":"functions"},"message":"Watching \"/Users/taffo/Dev/apps/react-native/MealsToGo/functions\" for Cloud Functions..."}}
[debug] [2023-01-24T11:11:32.526Z] Validating nodejs source
[debug] [2023-01-24T11:11:33.247Z] > [functions] package.json contents: {
  "name": "functions",
  "description": "Cloud Functions for Firebase",
  "scripts": {
    "serve": "firebase emulators:start --only functions",
    "shell": "firebase functions:shell",
    "start": "npm run shell",
    "deploy": "firebase deploy --only functions",
    "logs": "firebase functions:log"
  },
  "engines": {
    "node": "16"
  },
  "main": "index.js",
  "dependencies": {
    "firebase-admin": "^11.5.0",
    "firebase-functions": "^4.2.0"
  },
  "devDependencies": {
    "firebase-functions-test": "^0.2.0"
  },
  "private": true
}
[debug] [2023-01-24T11:11:33.248Z] Building nodejs source
[debug] [2023-01-24T11:11:33.252Z] Could not find functions.yaml. Must use http discovery
[debug] [2023-01-24T11:11:33.509Z] Serving at port 9005

[debug] [2023-01-24T11:11:33.543Z] [work-queue] {"queuedWork":["/mealstogo-1dd22/us-central1/geocode-2023-01-24T11:11:33.542Z"],"queueLength":1,"runningWork":[],"workRunningCount":0}
[debug] [2023-01-24T11:11:33.543Z] [work-queue] {"queuedWork":[],"queueLength":0,"runningWork":["/mealstogo-1dd22/us-central1/geocode-2023-01-24T11:11:33.542Z"],"workRunningCount":1}
[debug] [2023-01-24T11:11:33.546Z] [work-queue] {"queuedWork":[],"queueLength":0,"runningWork":[],"workRunningCount":0}
[debug] [2023-01-24T11:11:33.766Z] Got response from /__/functions.yaml {"endpoints":{"geocode":{"platform":"gcfv1","availableMemoryMb":null,"timeoutSeconds":null,"minInstances":null,"maxInstances":null,"ingressSettings":null,"serviceAccountEmail":null,"vpc":null,"httpsTrigger":{},"entryPoint":"geocode"},"placesNearby":{"platform":"gcfv1","availableMemoryMb":null,"timeoutSeconds":null,"minInstances":null,"maxInstances":null,"ingressSettings":null,"serviceAccountEmail":null,"vpc":null,"httpsTrigger":{},"entryPoint":"placesNearby"}},"specVersion":"v1alpha1","requiredAPIs":[]}
[debug] [2023-01-24T11:11:33.772Z] shutdown requested via /__/quitquitquit

[info] ✔  functions: Loaded functions definitions from source: geocode, placesNearby. {"metadata":{"emulator":{"name":"functions"},"message":"Loaded functions definitions from source: geocode, placesNearby."}}
[info] ✔  functions[us-central1-geocode]: http function initialized (http://127.0.0.1:5001/mealstogo-1dd22/us-central1/geocode). {"metadata":{"emulator":{"name":"functions"},"message":"\u001b[1mhttp\u001b[22m function initialized (http://127.0.0.1:5001/mealstogo-1dd22/us-central1/geocode)."}}
[info] ✔  functions[us-central1-placesNearby]: http function initialized (http://127.0.0.1:5001/mealstogo-1dd22/us-central1/placesNearby). {"metadata":{"emulator":{"name":"functions"},"message":"\u001b[1mhttp\u001b[22m function initialized (http://127.0.0.1:5001/mealstogo-1dd22/us-central1/placesNearby)."}}
[info] 
┌─────────────────────────────────────────────────────────────┐
│ ✔  All emulators ready! It is now safe to connect your app. │
│ i  View Emulator UI at http://127.0.0.1:4000/               │
└─────────────────────────────────────────────────────────────┘

┌───────────┬────────────────┬─────────────────────────────────┐
│ Emulator  │ Host:Port      │ View in Emulator UI             │
├───────────┼────────────────┼─────────────────────────────────┤
│ Functions │ 127.0.0.1:5001 │ http://127.0.0.1:4000/functions │
└───────────┴────────────────┴─────────────────────────────────┘
  Emulator Hub running at 127.0.0.1:4400
  Other reserved ports: 4500

Issues? Report them at https://github.com/firebase/firebase-tools/issues and attach the *-debug.log files.
 
[debug] [2023-01-24T11:11:38.104Z] [work-queue] {"queuedWork":["/mealstogo-1dd22/us-central1/geocode-2023-01-24T11:11:38.104Z"],"queueLength":1,"runningWork":[],"workRunningCount":0}
[debug] [2023-01-24T11:11:38.104Z] [work-queue] {"queuedWork":[],"queueLength":0,"runningWork":["/mealstogo-1dd22/us-central1/geocode-2023-01-24T11:11:38.104Z"],"workRunningCount":1}
[debug] [2023-01-24T11:11:38.105Z] Accepted request GET /mealstogo-1dd22/us-central1/geocode?city=san%20francisco --> us-central1-geocode
[debug] [2023-01-24T11:11:38.105Z] [functions] Runtime ready! Sending request! {"metadata":{"emulator":{"name":"functions"},"message":"[functions] Runtime ready! Sending request!"}}
[debug] [2023-01-24T11:11:38.107Z] [functions] Got req.url=/mealstogo-1dd22/us-central1/geocode?city=san%20francisco, mapping to path=/?city=san%20francisco {"metadata":{"emulator":{"name":"functions"},"message":"[functions] Got req.url=/mealstogo-1dd22/us-central1/geocode?city=san%20francisco, mapping to path=/?city=san%20francisco"}}
[debug] [2023-01-24T11:11:38.120Z] [worker-pool] addWorker(us-central1-geocode) {"metadata":{"emulator":{"name":"functions"},"message":"[worker-pool] addWorker(us-central1-geocode)"}}
[debug] [2023-01-24T11:11:38.120Z] [worker-pool] Adding worker with key us-central1-geocode, total=1 {"metadata":{"emulator":{"name":"functions"},"message":"[worker-pool] Adding worker with key us-central1-geocode, total=1"}}
[debug] [2023-01-24T11:11:39.720Z] [runtime-status] [81119] Resolved module firebase-admin {"declared":true,"installed":true,"version":"11.5.0","resolution":"/Users/taffo/Dev/apps/react-native/MealsToGo/functions/node_modules/firebase-admin/lib/index.js"} {"metadata":{"emulator":{"name":"functions"},"function":{"name":"us-central1-geocode"},"extension":{},"message":"[runtime-status] [81119] Resolved module firebase-admin {\"declared\":true,\"installed\":true,\"version\":\"11.5.0\",\"resolution\":\"/Users/taffo/Dev/apps/react-native/MealsToGo/functions/node_modules/firebase-admin/lib/index.js\"}"}}
[debug] [2023-01-24T11:11:39.721Z] [runtime-status] [81119] Resolved module firebase-functions {"declared":true,"installed":true,"version":"4.2.0","resolution":"/Users/taffo/Dev/apps/react-native/MealsToGo/functions/node_modules/firebase-functions/lib/v1/index.js"} {"metadata":{"emulator":{"name":"functions"},"function":{"name":"us-central1-geocode"},"extension":{},"message":"[runtime-status] [81119] Resolved module firebase-functions {\"declared\":true,\"installed\":true,\"version\":\"4.2.0\",\"resolution\":\"/Users/taffo/Dev/apps/react-native/MealsToGo/functions/node_modules/firebase-functions/lib/v1/index.js\"}"}}
[debug] [2023-01-24T11:11:39.721Z] [runtime-status] [81119] Outgoing network have been stubbed. [{"name":"http","status":"mocked"},{"name":"http","status":"mocked"},{"name":"https","status":"mocked"},{"name":"https","status":"mocked"},{"name":"net","status":"mocked"}] {"metadata":{"emulator":{"name":"functions"},"function":{"name":"us-central1-geocode"},"extension":{},"message":"[runtime-status] [81119] Outgoing network have been stubbed. [{\"name\":\"http\",\"status\":\"mocked\"},{\"name\":\"http\",\"status\":\"mocked\"},{\"name\":\"https\",\"status\":\"mocked\"},{\"name\":\"https\",\"status\":\"mocked\"},{\"name\":\"net\",\"status\":\"mocked\"}]"}}
[debug] [2023-01-24T11:11:39.722Z] [runtime-status] [81119] Resolved module firebase-functions {"declared":true,"installed":true,"version":"4.2.0","resolution":"/Users/taffo/Dev/apps/react-native/MealsToGo/functions/node_modules/firebase-functions/lib/v1/index.js"} {"metadata":{"emulator":{"name":"functions"},"function":{"name":"us-central1-geocode"},"extension":{},"message":"[runtime-status] [81119] Resolved module firebase-functions {\"declared\":true,\"installed\":true,\"version\":\"4.2.0\",\"resolution\":\"/Users/taffo/Dev/apps/react-native/MealsToGo/functions/node_modules/firebase-functions/lib/v1/index.js\"}"}}
[debug] [2023-01-24T11:11:39.956Z] [runtime-status] [81119] Checked functions.config() {"config":{}} {"metadata":{"emulator":{"name":"functions"},"function":{"name":"us-central1-geocode"},"extension":{},"message":"[runtime-status] [81119] Checked functions.config() {\"config\":{}}"}}
[debug] [2023-01-24T11:11:39.957Z] [runtime-status] [81119] firebase-functions has been stubbed. {"functionsResolution":{"declared":true,"installed":true,"version":"4.2.0","resolution":"/Users/taffo/Dev/apps/react-native/MealsToGo/functions/node_modules/firebase-functions/lib/v1/index.js"}} {"metadata":{"emulator":{"name":"functions"},"function":{"name":"us-central1-geocode"},"extension":{},"message":"[runtime-status] [81119] firebase-functions has been stubbed. {\"functionsResolution\":{\"declared\":true,\"installed\":true,\"version\":\"4.2.0\",\"resolution\":\"/Users/taffo/Dev/apps/react-native/MealsToGo/functions/node_modules/firebase-functions/lib/v1/index.js\"}}"}}
[debug] [2023-01-24T11:11:39.957Z] [runtime-status] [81119] Resolved module firebase-functions {"declared":true,"installed":true,"version":"4.2.0","resolution":"/Users/taffo/Dev/apps/react-native/MealsToGo/functions/node_modules/firebase-functions/lib/v1/index.js"} {"metadata":{"emulator":{"name":"functions"},"function":{"name":"us-central1-geocode"},"extension":{},"message":"[runtime-status] [81119] Resolved module firebase-functions {\"declared\":true,\"installed\":true,\"version\":\"4.2.0\",\"resolution\":\"/Users/taffo/Dev/apps/react-native/MealsToGo/functions/node_modules/firebase-functions/lib/v1/index.js\"}"}}
[debug] [2023-01-24T11:11:39.959Z] [runtime-status] [81119] Resolved module firebase-admin {"declared":true,"installed":true,"version":"11.5.0","resolution":"/Users/taffo/Dev/apps/react-native/MealsToGo/functions/node_modules/firebase-admin/lib/index.js"} {"metadata":{"emulator":{"name":"functions"},"function":{"name":"us-central1-geocode"},"extension":{},"message":"[runtime-status] [81119] Resolved module firebase-admin {\"declared\":true,\"installed\":true,\"version\":\"11.5.0\",\"resolution\":\"/Users/taffo/Dev/apps/react-native/MealsToGo/functions/node_modules/firebase-admin/lib/index.js\"}"}}
[debug] [2023-01-24T11:11:39.962Z] [runtime-status] [81119] Resolved module firebase-functions {"declared":true,"installed":true,"version":"4.2.0","resolution":"/Users/taffo/Dev/apps/react-native/MealsToGo/functions/node_modules/firebase-functions/lib/v1/index.js"} {"metadata":{"emulator":{"name":"functions"},"function":{"name":"us-central1-geocode"},"extension":{},"message":"[runtime-status] [81119] Resolved module firebase-functions {\"declared\":true,\"installed\":true,\"version\":\"4.2.0\",\"resolution\":\"/Users/taffo/Dev/apps/react-native/MealsToGo/functions/node_modules/firebase-functions/lib/v1/index.js\"}"}}
[debug] [2023-01-24T11:11:39.962Z] [runtime-status] [81119] firebase-admin has been stubbed. {"adminResolution":{"declared":true,"installed":true,"version":"11.5.0","resolution":"/Users/taffo/Dev/apps/react-native/MealsToGo/functions/node_modules/firebase-admin/lib/index.js"}} {"metadata":{"emulator":{"name":"functions"},"function":{"name":"us-central1-geocode"},"extension":{},"message":"[runtime-status] [81119] firebase-admin has been stubbed. {\"adminResolution\":{\"declared\":true,\"installed\":true,\"version\":\"11.5.0\",\"resolution\":\"/Users/taffo/Dev/apps/react-native/MealsToGo/functions/node_modules/firebase-admin/lib/index.js\"}}"}}
[debug] [2023-01-24T11:11:39.976Z] [runtime-status] [81119] Functions runtime initialized. {"cwd":"/Users/taffo/Dev/apps/react-native/MealsToGo/functions","node_version":"16.19.0"} {"metadata":{"emulator":{"name":"functions"},"function":{"name":"us-central1-geocode"},"extension":{},"message":"[runtime-status] [81119] Functions runtime initialized. {\"cwd\":\"/Users/taffo/Dev/apps/react-native/MealsToGo/functions\",\"node_version\":\"16.19.0\"}"}}
[debug] [2023-01-24T11:11:39.977Z] [runtime-status] [81119] Listening to port: /var/folders/b3/n2bzlyqs7cddcfr0qxm106nr0000gn/T/fire_emu_97157411ec3d2c00.sock {"metadata":{"emulator":{"name":"functions"},"function":{"name":"us-central1-geocode"},"extension":{},"message":"[runtime-status] [81119] Listening to port: /var/folders/b3/n2bzlyqs7cddcfr0qxm106nr0000gn/T/fire_emu_97157411ec3d2c00.sock"}}
[debug] [2023-01-24T11:11:40.057Z] [worker-us-central1-geocode-ac23c939-07ef-485e-b0cb-6d51f3fa025f]: IDLE {"metadata":{"emulator":{"name":"functions"},"message":"[worker-us-central1-geocode-ac23c939-07ef-485e-b0cb-6d51f3fa025f]: IDLE"}}
[debug] [2023-01-24T11:11:40.058Z] [worker-pool] submitRequest(triggerId=us-central1-geocode) {"metadata":{"emulator":{"name":"functions"},"message":"[worker-pool] submitRequest(triggerId=us-central1-geocode)"}}
[debug] [2023-01-24T11:11:40.058Z] [worker-us-central1-geocode-ac23c939-07ef-485e-b0cb-6d51f3fa025f]: BUSY {"metadata":{"emulator":{"name":"functions"},"message":"[worker-us-central1-geocode-ac23c939-07ef-485e-b0cb-6d51f3fa025f]: BUSY"}}
[info] i  functions: Beginning execution of "geocode" {"metadata":{"emulator":{"name":"functions"},"function":{"name":"us-central1-geocode"},"extension":{},"message":"Beginning execution of \"geocode\""}}
[debug] [2023-01-24T11:11:40.067Z] [worker-us-central1-geocode-ac23c939-07ef-485e-b0cb-6d51f3fa025f]: IDLE {"metadata":{"emulator":{"name":"functions"},"message":"[worker-us-central1-geocode-ac23c939-07ef-485e-b0cb-6d51f3fa025f]: IDLE"}}
[debug] [2023-01-24T11:11:40.067Z] [work-queue] {"queuedWork":[],"queueLength":0,"runningWork":[],"workRunningCount":0}
[info] i  functions: Finished "geocode" in 4.074642ms {"metadata":{"emulator":{"name":"functions"},"function":{"name":"us-central1-geocode"},"extension":{},"message":"Finished \"geocode\" in 4.074642ms"}}
[debug] [2023-01-24T11:11:40.088Z] [work-queue] {"queuedWork":["/mealstogo-1dd22/us-central1/placesNearby-2023-01-24T11:11:40.088Z"],"queueLength":1,"runningWork":[],"workRunningCount":0}
[debug] [2023-01-24T11:11:40.088Z] [work-queue] {"queuedWork":[],"queueLength":0,"runningWork":["/mealstogo-1dd22/us-central1/placesNearby-2023-01-24T11:11:40.088Z"],"workRunningCount":1}
[debug] [2023-01-24T11:11:40.089Z] Accepted request GET /mealstogo-1dd22/us-central1/placesNearby?location=37.7749295,-122.4194155 --> us-central1-placesNearby
[debug] [2023-01-24T11:11:40.089Z] [functions] Runtime ready! Sending request! {"metadata":{"emulator":{"name":"functions"},"message":"[functions] Runtime ready! Sending request!"}}
[debug] [2023-01-24T11:11:40.090Z] [functions] Got req.url=/mealstogo-1dd22/us-central1/placesNearby?location=37.7749295,-122.4194155, mapping to path=/?location=37.7749295,-122.4194155 {"metadata":{"emulator":{"name":"functions"},"message":"[functions] Got req.url=/mealstogo-1dd22/us-central1/placesNearby?location=37.7749295,-122.4194155, mapping to path=/?location=37.7749295,-122.4194155"}}
[debug] [2023-01-24T11:11:40.099Z] [worker-pool] addWorker(us-central1-placesNearby) {"metadata":{"emulator":{"name":"functions"},"message":"[worker-pool] addWorker(us-central1-placesNearby)"}}
[debug] [2023-01-24T11:11:40.100Z] [worker-pool] Adding worker with key us-central1-placesNearby, total=1 {"metadata":{"emulator":{"name":"functions"},"message":"[worker-pool] Adding worker with key us-central1-placesNearby, total=1"}}
[debug] [2023-01-24T11:11:41.417Z] [runtime-status] [81123] Resolved module firebase-admin {"declared":true,"installed":true,"version":"11.5.0","resolution":"/Users/taffo/Dev/apps/react-native/MealsToGo/functions/node_modules/firebase-admin/lib/index.js"} {"metadata":{"emulator":{"name":"functions"},"function":{"name":"us-central1-placesNearby"},"extension":{},"message":"[runtime-status] [81123] Resolved module firebase-admin {\"declared\":true,\"installed\":true,\"version\":\"11.5.0\",\"resolution\":\"/Users/taffo/Dev/apps/react-native/MealsToGo/functions/node_modules/firebase-admin/lib/index.js\"}"}}
[debug] [2023-01-24T11:11:41.418Z] [runtime-status] [81123] Resolved module firebase-functions {"declared":true,"installed":true,"version":"4.2.0","resolution":"/Users/taffo/Dev/apps/react-native/MealsToGo/functions/node_modules/firebase-functions/lib/v1/index.js"} {"metadata":{"emulator":{"name":"functions"},"function":{"name":"us-central1-placesNearby"},"extension":{},"message":"[runtime-status] [81123] Resolved module firebase-functions {\"declared\":true,\"installed\":true,\"version\":\"4.2.0\",\"resolution\":\"/Users/taffo/Dev/apps/react-native/MealsToGo/functions/node_modules/firebase-functions/lib/v1/index.js\"}"}}
[debug] [2023-01-24T11:11:41.419Z] [runtime-status] [81123] Outgoing network have been stubbed. [{"name":"http","status":"mocked"},{"name":"http","status":"mocked"},{"name":"https","status":"mocked"},{"name":"https","status":"mocked"},{"name":"net","status":"mocked"}] {"metadata":{"emulator":{"name":"functions"},"function":{"name":"us-central1-placesNearby"},"extension":{},"message":"[runtime-status] [81123] Outgoing network have been stubbed. [{\"name\":\"http\",\"status\":\"mocked\"},{\"name\":\"http\",\"status\":\"mocked\"},{\"name\":\"https\",\"status\":\"mocked\"},{\"name\":\"https\",\"status\":\"mocked\"},{\"name\":\"net\",\"status\":\"mocked\"}]"}}
[debug] [2023-01-24T11:11:41.421Z] [runtime-status] [81123] Resolved module firebase-functions {"declared":true,"installed":true,"version":"4.2.0","resolution":"/Users/taffo/Dev/apps/react-native/MealsToGo/functions/node_modules/firebase-functions/lib/v1/index.js"} {"metadata":{"emulator":{"name":"functions"},"function":{"name":"us-central1-placesNearby"},"extension":{},"message":"[runtime-status] [81123] Resolved module firebase-functions {\"declared\":true,\"installed\":true,\"version\":\"4.2.0\",\"resolution\":\"/Users/taffo/Dev/apps/react-native/MealsToGo/functions/node_modules/firebase-functions/lib/v1/index.js\"}"}}
[debug] [2023-01-24T11:11:41.621Z] [runtime-status] [81123] Checked functions.config() {"config":{}} {"metadata":{"emulator":{"name":"functions"},"function":{"name":"us-central1-placesNearby"},"extension":{},"message":"[runtime-status] [81123] Checked functions.config() {\"config\":{}}"}}
[debug] [2023-01-24T11:11:41.621Z] [runtime-status] [81123] firebase-functions has been stubbed. {"functionsResolution":{"declared":true,"installed":true,"version":"4.2.0","resolution":"/Users/taffo/Dev/apps/react-native/MealsToGo/functions/node_modules/firebase-functions/lib/v1/index.js"}} {"metadata":{"emulator":{"name":"functions"},"function":{"name":"us-central1-placesNearby"},"extension":{},"message":"[runtime-status] [81123] firebase-functions has been stubbed. {\"functionsResolution\":{\"declared\":true,\"installed\":true,\"version\":\"4.2.0\",\"resolution\":\"/Users/taffo/Dev/apps/react-native/MealsToGo/functions/node_modules/firebase-functions/lib/v1/index.js\"}}"}}
[debug] [2023-01-24T11:11:41.622Z] [runtime-status] [81123] Resolved module firebase-functions {"declared":true,"installed":true,"version":"4.2.0","resolution":"/Users/taffo/Dev/apps/react-native/MealsToGo/functions/node_modules/firebase-functions/lib/v1/index.js"} {"metadata":{"emulator":{"name":"functions"},"function":{"name":"us-central1-placesNearby"},"extension":{},"message":"[runtime-status] [81123] Resolved module firebase-functions {\"declared\":true,\"installed\":true,\"version\":\"4.2.0\",\"resolution\":\"/Users/taffo/Dev/apps/react-native/MealsToGo/functions/node_modules/firebase-functions/lib/v1/index.js\"}"}}
[debug] [2023-01-24T11:11:41.623Z] [runtime-status] [81123] Resolved module firebase-admin {"declared":true,"installed":true,"version":"11.5.0","resolution":"/Users/taffo/Dev/apps/react-native/MealsToGo/functions/node_modules/firebase-admin/lib/index.js"} {"metadata":{"emulator":{"name":"functions"},"function":{"name":"us-central1-placesNearby"},"extension":{},"message":"[runtime-status] [81123] Resolved module firebase-admin {\"declared\":true,\"installed\":true,\"version\":\"11.5.0\",\"resolution\":\"/Users/taffo/Dev/apps/react-native/MealsToGo/functions/node_modules/firebase-admin/lib/index.js\"}"}}
[debug] [2023-01-24T11:11:41.625Z] [runtime-status] [81123] Resolved module firebase-functions {"declared":true,"installed":true,"version":"4.2.0","resolution":"/Users/taffo/Dev/apps/react-native/MealsToGo/functions/node_modules/firebase-functions/lib/v1/index.js"} {"metadata":{"emulator":{"name":"functions"},"function":{"name":"us-central1-placesNearby"},"extension":{},"message":"[runtime-status] [81123] Resolved module firebase-functions {\"declared\":true,\"installed\":true,\"version\":\"4.2.0\",\"resolution\":\"/Users/taffo/Dev/apps/react-native/MealsToGo/functions/node_modules/firebase-functions/lib/v1/index.js\"}"}}
[debug] [2023-01-24T11:11:41.625Z] [runtime-status] [81123] firebase-admin has been stubbed. {"adminResolution":{"declared":true,"installed":true,"version":"11.5.0","resolution":"/Users/taffo/Dev/apps/react-native/MealsToGo/functions/node_modules/firebase-admin/lib/index.js"}} {"metadata":{"emulator":{"name":"functions"},"function":{"name":"us-central1-placesNearby"},"extension":{},"message":"[runtime-status] [81123] firebase-admin has been stubbed. {\"adminResolution\":{\"declared\":true,\"installed\":true,\"version\":\"11.5.0\",\"resolution\":\"/Users/taffo/Dev/apps/react-native/MealsToGo/functions/node_modules/firebase-admin/lib/index.js\"}}"}}
[debug] [2023-01-24T11:11:41.637Z] [runtime-status] [81123] Functions runtime initialized. {"cwd":"/Users/taffo/Dev/apps/react-native/MealsToGo/functions","node_version":"16.19.0"} {"metadata":{"emulator":{"name":"functions"},"function":{"name":"us-central1-placesNearby"},"extension":{},"message":"[runtime-status] [81123] Functions runtime initialized. {\"cwd\":\"/Users/taffo/Dev/apps/react-native/MealsToGo/functions\",\"node_version\":\"16.19.0\"}"}}
[debug] [2023-01-24T11:11:41.638Z] [runtime-status] [81123] Listening to port: /var/folders/b3/n2bzlyqs7cddcfr0qxm106nr0000gn/T/fire_emu_64fbe60b5392977c.sock {"metadata":{"emulator":{"name":"functions"},"function":{"name":"us-central1-placesNearby"},"extension":{},"message":"[runtime-status] [81123] Listening to port: /var/folders/b3/n2bzlyqs7cddcfr0qxm106nr0000gn/T/fire_emu_64fbe60b5392977c.sock"}}
[debug] [2023-01-24T11:11:41.737Z] [worker-us-central1-placesNearby-2b92c533-7b33-4531-b594-a968d84cf55b]: IDLE {"metadata":{"emulator":{"name":"functions"},"message":"[worker-us-central1-placesNearby-2b92c533-7b33-4531-b594-a968d84cf55b]: IDLE"}}
[debug] [2023-01-24T11:11:41.737Z] [worker-pool] submitRequest(triggerId=us-central1-placesNearby) {"metadata":{"emulator":{"name":"functions"},"message":"[worker-pool] submitRequest(triggerId=us-central1-placesNearby)"}}
[debug] [2023-01-24T11:11:41.737Z] [worker-us-central1-placesNearby-2b92c533-7b33-4531-b594-a968d84cf55b]: BUSY {"metadata":{"emulator":{"name":"functions"},"message":"[worker-us-central1-placesNearby-2b92c533-7b33-4531-b594-a968d84cf55b]: BUSY"}}
[info] i  functions: Beginning execution of "placesNearby" {"metadata":{"emulator":{"name":"functions"},"function":{"name":"us-central1-placesNearby"},"extension":{},"message":"Beginning execution of \"placesNearby\""}}
[debug] [2023-01-24T11:11:41.744Z] [worker-us-central1-placesNearby-2b92c533-7b33-4531-b594-a968d84cf55b]: IDLE {"metadata":{"emulator":{"name":"functions"},"message":"[worker-us-central1-placesNearby-2b92c533-7b33-4531-b594-a968d84cf55b]: IDLE"}}
[debug] [2023-01-24T11:11:41.744Z] [work-queue] {"queuedWork":[],"queueLength":0,"runningWork":[],"workRunningCount":0}
[info] i  functions: Finished "placesNearby" in 3.401328ms {"metadata":{"emulator":{"name":"functions"},"function":{"name":"us-central1-placesNearby"},"extension":{},"message":"Finished \"placesNearby\" in 3.401328ms"}}
[debug] [2023-01-24T11:14:20.066Z] [work-queue] {"queuedWork":["/mealstogo-1dd22/us-central1/placesNearby-2023-01-24T11:14:20.066Z"],"queueLength":1,"runningWork":[],"workRunningCount":0}
[debug] [2023-01-24T11:14:20.066Z] [work-queue] {"queuedWork":[],"queueLength":0,"runningWork":["/mealstogo-1dd22/us-central1/placesNearby-2023-01-24T11:14:20.066Z"],"workRunningCount":1}
[debug] [2023-01-24T11:14:20.066Z] Accepted request GET /mealstogo-1dd22/us-central1/placesNearby?location=37.7749295,-122.4194155 --> us-central1-placesNearby
[debug] [2023-01-24T11:14:20.068Z] [functions] Runtime ready! Sending request! {"metadata":{"emulator":{"name":"functions"},"message":"[functions] Runtime ready! Sending request!"}}
[debug] [2023-01-24T11:14:20.068Z] [functions] Got req.url=/mealstogo-1dd22/us-central1/placesNearby?location=37.7749295,-122.4194155, mapping to path=/?location=37.7749295,-122.4194155 {"metadata":{"emulator":{"name":"functions"},"message":"[functions] Got req.url=/mealstogo-1dd22/us-central1/placesNearby?location=37.7749295,-122.4194155, mapping to path=/?location=37.7749295,-122.4194155"}}
[debug] [2023-01-24T11:14:20.068Z] [worker-pool] submitRequest(triggerId=us-central1-placesNearby) {"metadata":{"emulator":{"name":"functions"},"message":"[worker-pool] submitRequest(triggerId=us-central1-placesNearby)"}}
[debug] [2023-01-24T11:14:20.069Z] [worker-us-central1-placesNearby-2b92c533-7b33-4531-b594-a968d84cf55b]: BUSY {"metadata":{"emulator":{"name":"functions"},"message":"[worker-us-central1-placesNearby-2b92c533-7b33-4531-b594-a968d84cf55b]: BUSY"}}
[debug] [2023-01-24T11:14:20.070Z] [work-queue] {"queuedWork":["/mealstogo-1dd22/us-central1/geocode-2023-01-24T11:14:20.070Z"],"queueLength":1,"runningWork":["/mealstogo-1dd22/us-central1/placesNearby-2023-01-24T11:14:20.066Z"],"workRunningCount":1}
[debug] [2023-01-24T11:14:20.070Z] [work-queue] {"queuedWork":[],"queueLength":0,"runningWork":["/mealstogo-1dd22/us-central1/placesNearby-2023-01-24T11:14:20.066Z","/mealstogo-1dd22/us-central1/geocode-2023-01-24T11:14:20.070Z"],"workRunningCount":2}
[debug] [2023-01-24T11:14:20.070Z] Accepted request GET /mealstogo-1dd22/us-central1/geocode?city=san%20francisco --> us-central1-geocode
[debug] [2023-01-24T11:14:20.070Z] [functions] Runtime ready! Sending request! {"metadata":{"emulator":{"name":"functions"},"message":"[functions] Runtime ready! Sending request!"}}
[debug] [2023-01-24T11:14:20.071Z] [functions] Got req.url=/mealstogo-1dd22/us-central1/geocode?city=san%20francisco, mapping to path=/?city=san%20francisco {"metadata":{"emulator":{"name":"functions"},"message":"[functions] Got req.url=/mealstogo-1dd22/us-central1/geocode?city=san%20francisco, mapping to path=/?city=san%20francisco"}}
[debug] [2023-01-24T11:14:20.071Z] [worker-pool] submitRequest(triggerId=us-central1-geocode) {"metadata":{"emulator":{"name":"functions"},"message":"[worker-pool] submitRequest(triggerId=us-central1-geocode)"}}
[debug] [2023-01-24T11:14:20.071Z] [worker-us-central1-geocode-ac23c939-07ef-485e-b0cb-6d51f3fa025f]: BUSY {"metadata":{"emulator":{"name":"functions"},"message":"[worker-us-central1-geocode-ac23c939-07ef-485e-b0cb-6d51f3fa025f]: BUSY"}}
[info] i  functions: Beginning execution of "placesNearby" {"metadata":{"emulator":{"name":"functions"},"function":{"name":"us-central1-placesNearby"},"extension":{},"message":"Beginning execution of \"placesNearby\""}}
[info] i  functions: Beginning execution of "geocode" {"metadata":{"emulator":{"name":"functions"},"function":{"name":"us-central1-geocode"},"extension":{},"message":"Beginning execution of \"geocode\""}}
[info] i  functions: Finished "geocode" in 2.392016ms {"metadata":{"emulator":{"name":"functions"},"function":{"name":"us-central1-geocode"},"extension":{},"message":"Finished \"geocode\" in 2.392016ms"}}
[debug] [2023-01-24T11:14:20.078Z] [worker-us-central1-geocode-ac23c939-07ef-485e-b0cb-6d51f3fa025f]: IDLE {"metadata":{"emulator":{"name":"functions"},"message":"[worker-us-central1-geocode-ac23c939-07ef-485e-b0cb-6d51f3fa025f]: IDLE"}}
[debug] [2023-01-24T11:14:20.078Z] [work-queue] {"queuedWork":[],"queueLength":0,"runningWork":["/mealstogo-1dd22/us-central1/placesNearby-2023-01-24T11:14:20.066Z"],"workRunningCount":1}
[debug] [2023-01-24T11:14:20.079Z] [worker-us-central1-placesNearby-2b92c533-7b33-4531-b594-a968d84cf55b]: IDLE {"metadata":{"emulator":{"name":"functions"},"message":"[worker-us-central1-placesNearby-2b92c533-7b33-4531-b594-a968d84cf55b]: IDLE"}}
[debug] [2023-01-24T11:14:20.080Z] [work-queue] {"queuedWork":[],"queueLength":0,"runningWork":[],"workRunningCount":0}
[info] i  functions: Finished "placesNearby" in 6.274915ms {"metadata":{"emulator":{"name":"functions"},"function":{"name":"us-central1-placesNearby"},"extension":{},"message":"Finished \"placesNearby\" in 6.274915ms"}}
[debug] [2023-01-24T11:14:20.101Z] [work-queue] {"queuedWork":["/mealstogo-1dd22/us-central1/placesNearby-2023-01-24T11:14:20.101Z"],"queueLength":1,"runningWork":[],"workRunningCount":0}
[debug] [2023-01-24T11:14:20.102Z] [work-queue] {"queuedWork":[],"queueLength":0,"runningWork":["/mealstogo-1dd22/us-central1/placesNearby-2023-01-24T11:14:20.101Z"],"workRunningCount":1}
[debug] [2023-01-24T11:14:20.102Z] Accepted request GET /mealstogo-1dd22/us-central1/placesNearby?location=37.7749295,-122.4194155 --> us-central1-placesNearby
[debug] [2023-01-24T11:14:20.102Z] [functions] Runtime ready! Sending request! {"metadata":{"emulator":{"name":"functions"},"message":"[functions] Runtime ready! Sending request!"}}
[debug] [2023-01-24T11:14:20.103Z] [functions] Got req.url=/mealstogo-1dd22/us-central1/placesNearby?location=37.7749295,-122.4194155, mapping to path=/?location=37.7749295,-122.4194155 {"metadata":{"emulator":{"name":"functions"},"message":"[functions] Got req.url=/mealstogo-1dd22/us-central1/placesNearby?location=37.7749295,-122.4194155, mapping to path=/?location=37.7749295,-122.4194155"}}
[debug] [2023-01-24T11:14:20.104Z] [worker-pool] submitRequest(triggerId=us-central1-placesNearby) {"metadata":{"emulator":{"name":"functions"},"message":"[worker-pool] submitRequest(triggerId=us-central1-placesNearby)"}}
[debug] [2023-01-24T11:14:20.104Z] [worker-us-central1-placesNearby-2b92c533-7b33-4531-b594-a968d84cf55b]: BUSY {"metadata":{"emulator":{"name":"functions"},"message":"[worker-us-central1-placesNearby-2b92c533-7b33-4531-b594-a968d84cf55b]: BUSY"}}
[info] i  functions: Beginning execution of "placesNearby" {"metadata":{"emulator":{"name":"functions"},"function":{"name":"us-central1-placesNearby"},"extension":{},"message":"Beginning execution of \"placesNearby\""}}
[debug] [2023-01-24T11:14:20.109Z] [worker-us-central1-placesNearby-2b92c533-7b33-4531-b594-a968d84cf55b]: IDLE {"metadata":{"emulator":{"name":"functions"},"message":"[worker-us-central1-placesNearby-2b92c533-7b33-4531-b594-a968d84cf55b]: IDLE"}}
[debug] [2023-01-24T11:14:20.109Z] [work-queue] {"queuedWork":[],"queueLength":0,"runningWork":[],"workRunningCount":0}
[info] i  functions: Finished "placesNearby" in 2.622861ms {"metadata":{"emulator":{"name":"functions"},"function":{"name":"us-central1-placesNearby"},"extension":{},"message":"Finished \"placesNearby\" in 2.622861ms"}}
[debug] [2023-01-24T11:14:24.649Z] [work-queue] {"queuedWork":["/mealstogo-1dd22/us-central1/placesNearby-2023-01-24T11:14:24.649Z"],"queueLength":1,"runningWork":[],"workRunningCount":0}
[debug] [2023-01-24T11:14:24.649Z] [work-queue] {"queuedWork":[],"queueLength":0,"runningWork":["/mealstogo-1dd22/us-central1/placesNearby-2023-01-24T11:14:24.649Z"],"workRunningCount":1}
[debug] [2023-01-24T11:14:24.649Z] Accepted request GET /mealstogo-1dd22/us-central1/placesNearby?location=37.7749295,-122.4194155 --> us-central1-placesNearby
[debug] [2023-01-24T11:14:24.649Z] [functions] Runtime ready! Sending request! {"metadata":{"emulator":{"name":"functions"},"message":"[functions] Runtime ready! Sending request!"}}
[debug] [2023-01-24T11:14:24.650Z] [functions] Got req.url=/mealstogo-1dd22/us-central1/placesNearby?location=37.7749295,-122.4194155, mapping to path=/?location=37.7749295,-122.4194155 {"metadata":{"emulator":{"name":"functions"},"message":"[functions] Got req.url=/mealstogo-1dd22/us-central1/placesNearby?location=37.7749295,-122.4194155, mapping to path=/?location=37.7749295,-122.4194155"}}
[debug] [2023-01-24T11:14:24.650Z] [worker-pool] submitRequest(triggerId=us-central1-placesNearby) {"metadata":{"emulator":{"name":"functions"},"message":"[worker-pool] submitRequest(triggerId=us-central1-placesNearby)"}}
[debug] [2023-01-24T11:14:24.650Z] [worker-us-central1-placesNearby-2b92c533-7b33-4531-b594-a968d84cf55b]: BUSY {"metadata":{"emulator":{"name":"functions"},"message":"[worker-us-central1-placesNearby-2b92c533-7b33-4531-b594-a968d84cf55b]: BUSY"}}
[debug] [2023-01-24T11:14:24.651Z] [work-queue] {"queuedWork":["/mealstogo-1dd22/us-central1/geocode-2023-01-24T11:14:24.651Z"],"queueLength":1,"runningWork":["/mealstogo-1dd22/us-central1/placesNearby-2023-01-24T11:14:24.649Z"],"workRunningCount":1}
[debug] [2023-01-24T11:14:24.651Z] [work-queue] {"queuedWork":[],"queueLength":0,"runningWork":["/mealstogo-1dd22/us-central1/placesNearby-2023-01-24T11:14:24.649Z","/mealstogo-1dd22/us-central1/geocode-2023-01-24T11:14:24.651Z"],"workRunningCount":2}
[debug] [2023-01-24T11:14:24.651Z] Accepted request GET /mealstogo-1dd22/us-central1/geocode?city=san%20francisco --> us-central1-geocode
[debug] [2023-01-24T11:14:24.651Z] [functions] Runtime ready! Sending request! {"metadata":{"emulator":{"name":"functions"},"message":"[functions] Runtime ready! Sending request!"}}
[debug] [2023-01-24T11:14:24.651Z] [functions] Got req.url=/mealstogo-1dd22/us-central1/geocode?city=san%20francisco, mapping to path=/?city=san%20francisco {"metadata":{"emulator":{"name":"functions"},"message":"[functions] Got req.url=/mealstogo-1dd22/us-central1/geocode?city=san%20francisco, mapping to path=/?city=san%20francisco"}}
[debug] [2023-01-24T11:14:24.652Z] [worker-pool] submitRequest(triggerId=us-central1-geocode) {"metadata":{"emulator":{"name":"functions"},"message":"[worker-pool] submitRequest(triggerId=us-central1-geocode)"}}
[debug] [2023-01-24T11:14:24.652Z] [worker-us-central1-geocode-ac23c939-07ef-485e-b0cb-6d51f3fa025f]: BUSY {"metadata":{"emulator":{"name":"functions"},"message":"[worker-us-central1-geocode-ac23c939-07ef-485e-b0cb-6d51f3fa025f]: BUSY"}}
[info] i  functions: Beginning execution of "placesNearby" {"metadata":{"emulator":{"name":"functions"},"function":{"name":"us-central1-placesNearby"},"extension":{},"message":"Beginning execution of \"placesNearby\""}}
[info] i  functions: Beginning execution of "geocode" {"metadata":{"emulator":{"name":"functions"},"function":{"name":"us-central1-geocode"},"extension":{},"message":"Beginning execution of \"geocode\""}}
[debug] [2023-01-24T11:14:24.656Z] [worker-us-central1-geocode-ac23c939-07ef-485e-b0cb-6d51f3fa025f]: IDLE {"metadata":{"emulator":{"name":"functions"},"message":"[worker-us-central1-geocode-ac23c939-07ef-485e-b0cb-6d51f3fa025f]: IDLE"}}
[debug] [2023-01-24T11:14:24.656Z] [work-queue] {"queuedWork":[],"queueLength":0,"runningWork":["/mealstogo-1dd22/us-central1/placesNearby-2023-01-24T11:14:24.649Z"],"workRunningCount":1}
[info] i  functions: Finished "geocode" in 0.642705ms {"metadata":{"emulator":{"name":"functions"},"function":{"name":"us-central1-geocode"},"extension":{},"message":"Finished \"geocode\" in 0.642705ms"}}
[debug] [2023-01-24T11:14:24.657Z] [worker-us-central1-placesNearby-2b92c533-7b33-4531-b594-a968d84cf55b]: IDLE {"metadata":{"emulator":{"name":"functions"},"message":"[worker-us-central1-placesNearby-2b92c533-7b33-4531-b594-a968d84cf55b]: IDLE"}}
[debug] [2023-01-24T11:14:24.657Z] [work-queue] {"queuedWork":[],"queueLength":0,"runningWork":[],"workRunningCount":0}
[info] i  functions: Finished "placesNearby" in 4.642341ms {"metadata":{"emulator":{"name":"functions"},"function":{"name":"us-central1-placesNearby"},"extension":{},"message":"Finished \"placesNearby\" in 4.642341ms"}}
[debug] [2023-01-24T11:14:24.680Z] [work-queue] {"queuedWork":["/mealstogo-1dd22/us-central1/placesNearby-2023-01-24T11:14:24.680Z"],"queueLength":1,"runningWork":[],"workRunningCount":0}
[debug] [2023-01-24T11:14:24.680Z] [work-queue] {"queuedWork":[],"queueLength":0,"runningWork":["/mealstogo-1dd22/us-central1/placesNearby-2023-01-24T11:14:24.680Z"],"workRunningCount":1}
[debug] [2023-01-24T11:14:24.680Z] Accepted request GET /mealstogo-1dd22/us-central1/placesNearby?location=37.7749295,-122.4194155 --> us-central1-placesNearby
[debug] [2023-01-24T11:14:24.681Z] [functions] Runtime ready! Sending request! {"metadata":{"emulator":{"name":"functions"},"message":"[functions] Runtime ready! Sending request!"}}
[debug] [2023-01-24T11:14:24.681Z] [functions] Got req.url=/mealstogo-1dd22/us-central1/placesNearby?location=37.7749295,-122.4194155, mapping to path=/?location=37.7749295,-122.4194155 {"metadata":{"emulator":{"name":"functions"},"message":"[functions] Got req.url=/mealstogo-1dd22/us-central1/placesNearby?location=37.7749295,-122.4194155, mapping to path=/?location=37.7749295,-122.4194155"}}
[debug] [2023-01-24T11:14:24.681Z] [worker-pool] submitRequest(triggerId=us-central1-placesNearby) {"metadata":{"emulator":{"name":"functions"},"message":"[worker-pool] submitRequest(triggerId=us-central1-placesNearby)"}}
[debug] [2023-01-24T11:14:24.681Z] [worker-us-central1-placesNearby-2b92c533-7b33-4531-b594-a968d84cf55b]: BUSY {"metadata":{"emulator":{"name":"functions"},"message":"[worker-us-central1-placesNearby-2b92c533-7b33-4531-b594-a968d84cf55b]: BUSY"}}
[info] i  functions: Beginning execution of "placesNearby" {"metadata":{"emulator":{"name":"functions"},"function":{"name":"us-central1-placesNearby"},"extension":{},"message":"Beginning execution of \"placesNearby\""}}
[debug] [2023-01-24T11:14:24.684Z] [worker-us-central1-placesNearby-2b92c533-7b33-4531-b594-a968d84cf55b]: IDLE {"metadata":{"emulator":{"name":"functions"},"message":"[worker-us-central1-placesNearby-2b92c533-7b33-4531-b594-a968d84cf55b]: IDLE"}}
[debug] [2023-01-24T11:14:24.685Z] [work-queue] {"queuedWork":[],"queueLength":0,"runningWork":[],"workRunningCount":0}
[info] i  functions: Finished "placesNearby" in 1.905282ms {"metadata":{"emulator":{"name":"functions"},"function":{"name":"us-central1-placesNearby"},"extension":{},"message":"Finished \"placesNearby\" in 1.905282ms"}}
